{"/home/tudor/Documents/Articles/NodeJS TS API/my-project/src/app.ts": {"path":"/home/tudor/Documents/Articles/NodeJS TS API/my-project/src/app.ts","statementMap":{"0":{"start":{"line":1,"column":0},"end":{"line":1,"column":30}},"1":{"start":{"line":2,"column":0},"end":{"line":2,"column":56}},"2":{"start":{"line":4,"column":12},"end":{"line":4,"column":21}},"3":{"start":{"line":6,"column":0},"end":{"line":10,"column":3}},"4":{"start":{"line":7,"column":20},"end":{"line":7,"column":32}},"5":{"start":{"line":9,"column":4},"end":{"line":9,"column":31}},"6":{"start":{"line":12,"column":0},"end":{"line":12,"column":19}}},"fnMap":{"0":{"name":"(anonymous_1)","decl":{"start":{"line":6,"column":13},"end":{"line":6,"column":14}},"loc":{"start":{"line":6,"column":61},"end":{"line":10,"column":1}}}},"branchMap":{},"s":{"0":1,"1":1,"2":1,"3":1,"4":1,"5":1,"6":1},"f":{"0":1},"b":{}}
,"/home/tudor/Documents/Articles/NodeJS TS API/my-project/src/controllers/hello.controller.ts": {"path":"/home/tudor/Documents/Articles/NodeJS TS API/my-project/src/controllers/hello.controller.ts","statementMap":{"0":{"start":{"line":1,"column":19},"end":{"line":1,"column":40}},"1":{"start":{"line":1,"column":25},"end":{"line":1,"column":40}},"2":{"start":{"line":3,"column":0},"end":{"line":3,"column":26}}},"fnMap":{"0":{"name":"(anonymous_0)","decl":{"start":{"line":1,"column":19},"end":{"line":1,"column":22}},"loc":{"start":{"line":1,"column":25},"end":{"line":1,"column":40}}}},"branchMap":{},"s":{"0":2,"1":2,"2":2},"f":{"0":2},"b":{}}
}
